INFO 2025-07-23 17:34:43,147 signals 1248 2304 UserProfile created for user: admin@nexas.com
INFO 2025-07-23 17:34:44,054 signals 1248 2304 UserProfile created for user: campaign@nexas.com
INFO 2025-07-23 17:34:45,064 signals 1248 2304 UserProfile created for user: donation@nexas.com
INFO 2025-07-23 17:34:46,091 signals 1248 2304 UserProfile created for user: volunteer@nexas.com
INFO 2025-07-23 17:34:50,028 autoreload 5148 10236 Watching for file changes with StatReloader
INFO 2025-07-23 17:35:08,608 basehttp 5148 5076 "GET / HTTP/1.1" 302 0
INFO 2025-07-23 17:35:08,791 basehttp 5148 5076 "GET /accounts/login/ HTTP/1.1" 200 12965
WARNING 2025-07-23 17:35:09,868 log 5148 5076 Not Found: /favicon.ico
WARNING 2025-07-23 17:35:09,878 basehttp 5148 5076 "GET /favicon.ico HTTP/1.1" 404 3066
INFO 2025-07-23 17:35:24,839 basehttp 5148 8344 "GET /accounts/about/ HTTP/1.1" 200 6482
INFO 2025-07-23 17:35:25,099 basehttp 5148 8344 "GET /static/images/team/hamza.jpg HTTP/1.1" 200 17207
INFO 2025-07-23 17:35:25,128 basehttp 5148 7428 "GET /static/images/team/sibhi.jpg HTTP/1.1" 200 75619
INFO 2025-07-23 17:35:25,177 basehttp 5148 7428 "GET /static/images/team/ragul.jpg HTTP/1.1" 200 57870
INFO 2025-07-23 17:35:25,179 basehttp 5148 8344 "GET /static/images/team/cheziyan.jpg HTTP/1.1" 200 53760
INFO 2025-07-23 17:35:25,429 basehttp 5148 7428 "GET /static/images/team/srinivasan.jpg HTTP/1.1" 200 107261
INFO 2025-07-23 17:35:25,883 basehttp 5148 3668 "GET /static/images/team/vishal.jpg HTTP/1.1" 200 53987
INFO 2025-07-23 17:35:26,124 basehttp 5148 4000 "GET /static/images/team/ajay.jpg HTTP/1.1" 200 2542630
INFO 2025-07-23 17:35:26,144 basehttp 5148 4472 "GET /static/images/team/jeyaarikaran.jpg HTTP/1.1" 200 54292
INFO 2025-07-23 17:35:26,243 basehttp 5148 8344 "GET /static/images/team/raihan.png HTTP/1.1" 200 9641064
INFO 2025-07-23 17:35:26,279 basehttp 5148 3620 "GET /static/images/team/esakkindhar.jpg HTTP/1.1" 200 11393
INFO 2025-07-23 17:35:55,790 basehttp 5148 8344 "GET /accounts/login/ HTTP/1.1" 200 12965
INFO 2025-07-23 17:36:07,879 signals 5148 8344 User campaign@nexas.com logged in from IP: 127.0.0.1
INFO 2025-07-23 17:36:07,898 views 5148 8344 Successful login for user: campaign@nexas.com from IP: 127.0.0.1
INFO 2025-07-23 17:36:07,914 basehttp 5148 8344 "POST /accounts/login/ HTTP/1.1" 302 0
INFO 2025-07-23 17:36:07,998 basehttp 5148 8344 "GET /dashboard/campaign/ HTTP/1.1" 200 22991
INFO 2025-07-23 17:36:48,347 views 5148 9504 User campaign@nexas.com logged out from IP: 127.0.0.1
INFO 2025-07-23 17:36:48,369 signals 5148 9504 User campaign@nexas.com logged out
INFO 2025-07-23 17:36:48,387 basehttp 5148 9504 "GET /accounts/logout/ HTTP/1.1" 302 0
INFO 2025-07-23 17:36:48,400 basehttp 5148 9504 "GET /accounts/login/ HTTP/1.1" 200 13320
INFO 2025-07-23 17:36:56,552 signals 5148 9504 User volunteer@nexas.com logged in from IP: 127.0.0.1
INFO 2025-07-23 17:36:56,575 views 5148 9504 Successful login for user: volunteer@nexas.com from IP: 127.0.0.1
INFO 2025-07-23 17:36:56,586 basehttp 5148 9504 "POST /accounts/login/ HTTP/1.1" 302 0
INFO 2025-07-23 17:36:56,629 basehttp 5148 9504 "GET /dashboard/volunteer/ HTTP/1.1" 200 28042
INFO 2025-07-23 17:37:29,465 views 5148 9504 User volunteer@nexas.com logged out from IP: 127.0.0.1
INFO 2025-07-23 17:37:29,487 signals 5148 9504 User volunteer@nexas.com logged out
INFO 2025-07-23 17:37:29,500 basehttp 5148 9504 "GET /accounts/logout/ HTTP/1.1" 302 0
INFO 2025-07-23 17:37:29,516 basehttp 5148 9504 "GET /accounts/login/ HTTP/1.1" 200 13631
INFO 2025-07-23 17:37:40,634 signals 5148 9504 User donation@nexas.com logged in from IP: 127.0.0.1
INFO 2025-07-23 17:37:40,663 views 5148 9504 Successful login for user: donation@nexas.com from IP: 127.0.0.1
INFO 2025-07-23 17:37:40,671 basehttp 5148 9504 "POST /accounts/login/ HTTP/1.1" 302 0
INFO 2025-07-23 17:37:40,739 basehttp 5148 9504 "GET /dashboard/donation/ HTTP/1.1" 200 23163
INFO 2025-07-23 17:44:59,939 autoreload 8992 2344 Watching for file changes with StatReloader
INFO 2025-07-23 17:45:03,094 basehttp 8992 888 "GET /dashboard/donation/ HTTP/1.1" 200 23087
INFO 2025-07-23 17:45:14,874 basehttp 8992 888 "GET /dashboard/donation/ HTTP/1.1" 200 23087
INFO 2025-07-23 17:47:19,157 autoreload 3824 5092 Watching for file changes with StatReloader
INFO 2025-07-23 17:47:24,027 basehttp 3824 4564 "GET /dashboard/donation/ HTTP/1.1" 200 22633
INFO 2025-07-23 17:47:25,069 basehttp 3824 4564 "GET /dashboard/donation/ HTTP/1.1" 200 22633
INFO 2025-07-23 17:47:34,752 basehttp 3824 4564 "POST /dashboard/donation/donate/ HTTP/1.1" 200 79
INFO 2025-07-23 17:47:45,896 basehttp 3824 4564 "POST /dashboard/donation/donate/ HTTP/1.1" 200 79
INFO 2025-07-23 17:48:21,914 basehttp 3824 4564 "POST /dashboard/donation/donate/ HTTP/1.1" 200 79
INFO 2025-07-23 17:48:30,389 basehttp 3824 4564 "POST /dashboard/donation/donate/ HTTP/1.1" 200 79
INFO 2025-07-23 17:48:37,683 basehttp 3824 4564 "GET /dashboard/donation/ HTTP/1.1" 200 22633
INFO 2025-07-23 17:48:38,465 basehttp 3824 4564 "GET /dashboard/donation/ HTTP/1.1" 200 22633
INFO 2025-07-23 17:49:27,123 autoreload 3824 5092 C:\Users\param\OneDrive\Desktop\nexas_backend\apps\donation_dashboard\views.py changed, reloading.
INFO 2025-07-23 17:49:33,631 autoreload 10700 4924 Watching for file changes with StatReloader
INFO 2025-07-23 17:50:11,569 autoreload 10700 4924 C:\Users\param\OneDrive\Desktop\nexas_backend\apps\donation_dashboard\views.py changed, reloading.
INFO 2025-07-23 17:50:14,772 autoreload 8316 6652 Watching for file changes with StatReloader
INFO 2025-07-23 17:50:44,858 autoreload 760 6344 Watching for file changes with StatReloader
INFO 2025-07-23 17:52:11,078 basehttp 8316 564 "GET /dashboard/donation/ HTTP/1.1" 200 22633
ERROR 2025-07-23 17:52:14,000 views 8316 564 Donation processing error: name 'uuid' is not defined
INFO 2025-07-23 17:52:14,004 basehttp 8316 564 "POST /dashboard/donation/donate/ HTTP/1.1" 200 64
ERROR 2025-07-23 17:52:31,677 views 8316 564 Donation processing error: name 'uuid' is not defined
INFO 2025-07-23 17:52:31,685 basehttp 8316 564 "POST /dashboard/donation/donate/ HTTP/1.1" 200 64
INFO 2025-07-23 17:56:50,324 autoreload 8316 6652 C:\Users\param\OneDrive\Desktop\nexas_backend\apps\donation_dashboard\views.py changed, reloading.
INFO 2025-07-23 17:56:54,388 autoreload 10244 10040 Watching for file changes with StatReloader
INFO 2025-07-23 17:57:35,936 autoreload 1620 6800 Watching for file changes with StatReloader
INFO 2025-07-23 17:57:53,541 basehttp 1620 5416 "GET / HTTP/1.1" 302 0
INFO 2025-07-23 17:57:53,621 basehttp 1620 5416 "GET /accounts/login/ HTTP/1.1" 200 12965
WARNING 2025-07-23 17:57:54,220 log 1620 7760 Not Found: /favicon.ico
WARNING 2025-07-23 17:57:54,238 basehttp 1620 7760 "GET /favicon.ico HTTP/1.1" 404 3066
INFO 2025-07-23 17:58:07,691 signals 1620 11088 User donation@nexas.com logged in from IP: 127.0.0.1
INFO 2025-07-23 17:58:07,718 views 1620 11088 Successful login for user: donation@nexas.com from IP: 127.0.0.1
INFO 2025-07-23 17:58:07,737 basehttp 1620 11088 "POST /accounts/login/ HTTP/1.1" 302 0
INFO 2025-07-23 17:58:07,807 basehttp 1620 11088 "GET /dashboard/donation/ HTTP/1.1" 200 22709
ERROR 2025-07-23 17:58:31,236 views 1620 11088 Donation processing error: name 'uuid' is not defined
INFO 2025-07-23 17:58:31,239 basehttp 1620 11088 "POST /dashboard/donation/donate/ HTTP/1.1" 200 64
INFO 2025-07-23 17:59:03,463 autoreload 1620 6800 C:\Users\param\OneDrive\Desktop\nexas_backend\apps\donation_dashboard\views.py changed, reloading.
INFO 2025-07-23 17:59:06,381 autoreload 8088 7016 Watching for file changes with StatReloader
INFO 2025-07-23 17:59:25,171 basehttp 8088 7980 "GET /dashboard/donation/ HTTP/1.1" 200 22633
INFO 2025-07-23 17:59:25,998 basehttp 8088 7980 "GET /dashboard/donation/ HTTP/1.1" 200 22633
INFO 2025-07-23 17:59:40,470 basehttp 8088 7980 "POST /dashboard/donation/donate/ HTTP/1.1" 200 119
INFO 2025-07-23 17:59:44,081 basehttp 8088 7980 "GET /dashboard/donation/ HTTP/1.1" 200 23049
INFO 2025-07-23 18:00:05,965 views 8088 7980 User donation@nexas.com logged out from IP: 127.0.0.1
INFO 2025-07-23 18:00:06,060 signals 8088 7980 User donation@nexas.com logged out
INFO 2025-07-23 18:00:06,127 basehttp 8088 7980 "GET /accounts/logout/ HTTP/1.1" 302 0
INFO 2025-07-23 18:00:06,154 basehttp 8088 7980 "GET /accounts/login/ HTTP/1.1" 200 13320
INFO 2025-07-23 18:00:14,266 signals 8088 7980 User campaign@nexas.com logged in from IP: 127.0.0.1
INFO 2025-07-23 18:00:14,478 views 8088 7980 Successful login for user: campaign@nexas.com from IP: 127.0.0.1
INFO 2025-07-23 18:00:14,594 basehttp 8088 7980 "POST /accounts/login/ HTTP/1.1" 302 0
INFO 2025-07-23 18:00:14,641 basehttp 8088 7980 "GET /dashboard/campaign/ HTTP/1.1" 200 22991
INFO 2025-07-23 18:00:22,661 basehttp 8088 7980 "GET /dashboard/campaign/ HTTP/1.1" 200 22915
INFO 2025-07-23 18:07:10,123 autoreload 8088 7016 C:\Users\param\OneDrive\Desktop\nexas_backend\apps\campaign_dashboard\views.py changed, reloading.
INFO 2025-07-23 18:07:13,979 autoreload 10952 9600 Watching for file changes with StatReloader
INFO 2025-07-23 18:07:19,909 autoreload 10952 9600 C:\Users\param\OneDrive\Desktop\nexas_backend\apps\campaign_dashboard\views.py changed, reloading.
INFO 2025-07-23 18:07:22,711 autoreload 5128 6228 Watching for file changes with StatReloader
INFO 2025-07-23 18:07:37,229 autoreload 5128 6228 C:\Users\param\OneDrive\Desktop\nexas_backend\apps\campaign_dashboard\views.py changed, reloading.
INFO 2025-07-23 18:07:39,928 autoreload 10496 2700 Watching for file changes with StatReloader
INFO 2025-07-23 18:07:56,654 autoreload 10496 2700 C:\Users\param\OneDrive\Desktop\nexas_backend\apps\campaign_dashboard\views.py changed, reloading.
INFO 2025-07-23 18:07:59,313 autoreload 7332 9952 Watching for file changes with StatReloader
INFO 2025-07-23 18:08:08,379 autoreload 7332 9952 C:\Users\param\OneDrive\Desktop\nexas_backend\apps\campaign_dashboard\urls.py changed, reloading.
INFO 2025-07-23 18:08:11,149 autoreload 2752 8052 Watching for file changes with StatReloader
INFO 2025-07-23 18:10:40,813 basehttp 2752 4156 "GET /dashboard/campaign/ HTTP/1.1" 200 27677
INFO 2025-07-23 18:10:41,635 basehttp 2752 4156 "GET /dashboard/campaign/ HTTP/1.1" 200 27677
INFO 2025-07-23 18:11:25,283 basehttp 2752 4156 "POST /dashboard/campaign/create/ HTTP/1.1" 200 119
INFO 2025-07-23 18:11:30,068 basehttp 2752 4156 "POST /dashboard/campaign/create/ HTTP/1.1" 200 119
INFO 2025-07-23 18:11:35,130 basehttp 2752 4156 "POST /dashboard/campaign/create/ HTTP/1.1" 200 119
INFO 2025-07-23 18:11:39,777 basehttp 2752 4156 "POST /dashboard/campaign/create/ HTTP/1.1" 200 119
INFO 2025-07-23 18:13:17,939 autoreload 2752 8052 C:\Users\param\OneDrive\Desktop\nexas_backend\apps\campaign_dashboard\views.py changed, reloading.
INFO 2025-07-23 18:13:20,667 autoreload 7944 8472 Watching for file changes with StatReloader
INFO 2025-07-23 18:13:29,201 autoreload 7944 8472 C:\Users\param\OneDrive\Desktop\nexas_backend\apps\campaign_dashboard\views.py changed, reloading.
INFO 2025-07-23 18:13:32,157 autoreload 2784 9564 Watching for file changes with StatReloader
INFO 2025-07-23 18:14:53,690 basehttp 2784 10688 "GET /dashboard/campaign/ HTTP/1.1" 200 30137
INFO 2025-07-23 18:14:54,847 basehttp 2784 10688 "GET /dashboard/campaign/ HTTP/1.1" 200 30137
INFO 2025-07-23 18:15:31,126 basehttp 2784 10688 "POST /dashboard/campaign/create/ HTTP/1.1" 200 92
INFO 2025-07-23 18:15:33,241 basehttp 2784 10688 "GET /dashboard/campaign/ HTTP/1.1" 200 32762
INFO 2025-07-23 18:16:28,357 views 2784 10688 User campaign@nexas.com logged out from IP: 127.0.0.1
INFO 2025-07-23 18:16:28,386 signals 2784 10688 User campaign@nexas.com logged out
INFO 2025-07-23 18:16:28,394 basehttp 2784 10688 "GET /accounts/logout/ HTTP/1.1" 302 0
INFO 2025-07-23 18:16:28,435 basehttp 2784 10688 "GET /accounts/login/ HTTP/1.1" 200 13320
INFO 2025-07-23 18:16:37,199 signals 2784 10688 User donation@nexas.com logged in from IP: 127.0.0.1
INFO 2025-07-23 18:16:37,225 views 2784 10688 Successful login for user: donation@nexas.com from IP: 127.0.0.1
INFO 2025-07-23 18:16:37,242 basehttp 2784 10688 "POST /accounts/login/ HTTP/1.1" 302 0
INFO 2025-07-23 18:16:37,281 basehttp 2784 10688 "GET /dashboard/donation/ HTTP/1.1" 200 23125
INFO 2025-07-23 18:16:58,939 basehttp 2784 10688 "POST /dashboard/donation/donate/ HTTP/1.1" 200 120
INFO 2025-07-23 18:17:02,010 basehttp 2784 10688 "GET /dashboard/donation/ HTTP/1.1" 200 23625
INFO 2025-07-23 18:17:09,048 views 2784 10688 User donation@nexas.com logged out from IP: 127.0.0.1
INFO 2025-07-23 18:17:09,088 signals 2784 10688 User donation@nexas.com logged out
INFO 2025-07-23 18:17:09,107 basehttp 2784 10688 "GET /accounts/logout/ HTTP/1.1" 302 0
INFO 2025-07-23 18:17:09,123 basehttp 2784 10688 "GET /accounts/login/ HTTP/1.1" 200 13320
INFO 2025-07-23 18:17:16,168 signals 2784 10688 User campaign@nexas.com logged in from IP: 127.0.0.1
INFO 2025-07-23 18:17:16,193 views 2784 10688 Successful login for user: campaign@nexas.com from IP: 127.0.0.1
INFO 2025-07-23 18:17:16,204 basehttp 2784 10688 "POST /accounts/login/ HTTP/1.1" 302 0
INFO 2025-07-23 18:17:16,252 basehttp 2784 10688 "GET /dashboard/campaign/ HTTP/1.1" 200 32837
INFO 2025-07-23 18:17:25,437 views 2784 10688 User campaign@nexas.com logged out from IP: 127.0.0.1
INFO 2025-07-23 18:17:25,466 signals 2784 10688 User campaign@nexas.com logged out
INFO 2025-07-23 18:17:25,496 basehttp 2784 10688 "GET /accounts/logout/ HTTP/1.1" 302 0
INFO 2025-07-23 18:17:25,526 basehttp 2784 10688 "GET /accounts/login/ HTTP/1.1" 200 13320
INFO 2025-07-23 18:18:14,622 signals 2784 10688 User campaign@nexas.com logged in from IP: 127.0.0.1
INFO 2025-07-23 18:18:14,646 views 2784 10688 Successful login for user: campaign@nexas.com from IP: 127.0.0.1
INFO 2025-07-23 18:18:14,697 basehttp 2784 10688 "POST /accounts/login/ HTTP/1.1" 302 0
INFO 2025-07-23 18:18:14,756 basehttp 2784 10688 "GET /dashboard/campaign/ HTTP/1.1" 200 32838
INFO 2025-07-23 18:21:02,123 views 2784 10688 User campaign@nexas.com logged out from IP: 127.0.0.1
INFO 2025-07-23 18:21:02,138 signals 2784 10688 User campaign@nexas.com logged out
INFO 2025-07-23 18:21:02,149 basehttp 2784 10688 "GET /accounts/logout/ HTTP/1.1" 302 0
INFO 2025-07-23 18:21:02,177 basehttp 2784 10688 "GET /accounts/login/ HTTP/1.1" 200 13320
INFO 2025-07-23 18:21:15,264 signals 2784 10688 User volunteer@nexas.com logged in from IP: 127.0.0.1
INFO 2025-07-23 18:21:15,382 views 2784 10688 Successful login for user: volunteer@nexas.com from IP: 127.0.0.1
INFO 2025-07-23 18:21:15,580 basehttp 2784 10688 - Broken pipe from ('127.0.0.1', 52766)
INFO 2025-07-23 18:21:17,040 signals 2784 292 User volunteer@nexas.com logged in from IP: 127.0.0.1
INFO 2025-07-23 18:21:17,131 views 2784 292 Successful login for user: volunteer@nexas.com from IP: 127.0.0.1
INFO 2025-07-23 18:21:17,178 basehttp 2784 292 "POST /accounts/login/ HTTP/1.1" 302 0
INFO 2025-07-23 18:21:17,236 basehttp 2784 292 "GET /dashboard/volunteer/ HTTP/1.1" 200 28042
INFO 2025-07-23 18:21:54,900 autoreload 2784 9564 C:\Users\param\OneDrive\Desktop\nexas_backend\apps\campaign_dashboard\urls.py changed, reloading.
INFO 2025-07-23 18:21:58,582 autoreload 7632 6208 Watching for file changes with StatReloader
INFO 2025-07-23 18:22:17,485 autoreload 7632 6208 C:\Users\param\OneDrive\Desktop\nexas_backend\apps\campaign_dashboard\views.py changed, reloading.
INFO 2025-07-23 18:22:21,868 autoreload 9096 3760 Watching for file changes with StatReloader
INFO 2025-07-23 18:22:27,731 autoreload 9096 3760 C:\Users\param\OneDrive\Desktop\nexas_backend\apps\campaign_dashboard\views.py changed, reloading.
INFO 2025-07-23 18:22:31,758 autoreload 6744 6256 Watching for file changes with StatReloader
INFO 2025-07-23 18:25:14,523 autoreload 11100 2252 Watching for file changes with StatReloader
INFO 2025-07-23 18:25:30,225 basehttp 11100 6024 "GET / HTTP/1.1" 302 0
INFO 2025-07-23 18:25:30,343 basehttp 11100 6024 "GET /accounts/login/ HTTP/1.1" 200 12965
WARNING 2025-07-23 18:25:30,917 log 11100 6024 Not Found: /favicon.ico
WARNING 2025-07-23 18:25:30,919 basehttp 11100 6024 "GET /favicon.ico HTTP/1.1" 404 3066
INFO 2025-07-23 18:25:37,982 signals 11100 9676 User campaign@nexas.com logged in from IP: 127.0.0.1
INFO 2025-07-23 18:25:38,007 views 11100 9676 Successful login for user: campaign@nexas.com from IP: 127.0.0.1
INFO 2025-07-23 18:25:38,023 basehttp 11100 9676 "POST /accounts/login/ HTTP/1.1" 302 0
INFO 2025-07-23 18:25:38,119 basehttp 11100 9676 "GET /dashboard/campaign/ HTTP/1.1" 200 33082
INFO 2025-07-23 18:25:43,872 basehttp 11100 9676 "GET /dashboard/campaign/manage/66a2a3db-f4be-49e8-a5ee-6dd2e5dc0cf2/ HTTP/1.1" 200 4889
INFO 2025-07-23 18:25:49,402 basehttp 11100 9676 "GET /dashboard/campaign/ HTTP/1.1" 200 33006
INFO 2025-07-23 18:25:54,779 basehttp 11100 9676 "GET /dashboard/campaign/manage/66a2a3db-f4be-49e8-a5ee-6dd2e5dc0cf2/ HTTP/1.1" 200 4889
INFO 2025-07-23 18:25:57,540 basehttp 11100 9676 "GET /dashboard/campaign/ HTTP/1.1" 200 33006
INFO 2025-07-23 18:26:00,190 basehttp 11100 9676 "GET /dashboard/campaign/details/66a2a3db-f4be-49e8-a5ee-6dd2e5dc0cf2/ HTTP/1.1" 200 8080
INFO 2025-07-23 18:26:05,741 basehttp 11100 9676 "GET /dashboard/campaign/ HTTP/1.1" 200 33006
INFO 2025-07-23 18:26:16,219 views 11100 9676 User campaign@nexas.com logged out from IP: 127.0.0.1
INFO 2025-07-23 18:26:16,238 signals 11100 9676 User campaign@nexas.com logged out
INFO 2025-07-23 18:26:16,252 basehttp 11100 9676 "GET /accounts/logout/ HTTP/1.1" 302 0
INFO 2025-07-23 18:26:16,271 basehttp 11100 9676 "GET /accounts/login/ HTTP/1.1" 200 13320
INFO 2025-07-23 18:26:24,300 signals 11100 9676 User donation@nexas.com logged in from IP: 127.0.0.1
INFO 2025-07-23 18:26:24,319 views 11100 9676 Successful login for user: donation@nexas.com from IP: 127.0.0.1
INFO 2025-07-23 18:26:24,333 basehttp 11100 9676 "POST /accounts/login/ HTTP/1.1" 302 0
INFO 2025-07-23 18:26:24,395 basehttp 11100 9676 "GET /dashboard/donation/ HTTP/1.1" 200 24087
INFO 2025-07-23 18:26:43,276 basehttp 11100 9676 "POST /dashboard/donation/donate/ HTTP/1.1" 200 119
INFO 2025-07-23 18:26:46,375 basehttp 11100 9676 "GET /dashboard/donation/ HTTP/1.1" 200 24602
INFO 2025-07-23 18:26:48,716 views 11100 9676 User donation@nexas.com logged out from IP: 127.0.0.1
INFO 2025-07-23 18:26:48,762 signals 11100 9676 User donation@nexas.com logged out
INFO 2025-07-23 18:26:48,801 basehttp 11100 9676 "GET /accounts/logout/ HTTP/1.1" 302 0
INFO 2025-07-23 18:26:48,834 basehttp 11100 9676 "GET /accounts/login/ HTTP/1.1" 200 13320
INFO 2025-07-23 18:26:58,131 signals 11100 9676 User campaign@nexas.com logged in from IP: 127.0.0.1
INFO 2025-07-23 18:26:58,155 views 11100 9676 Successful login for user: campaign@nexas.com from IP: 127.0.0.1
INFO 2025-07-23 18:26:58,168 basehttp 11100 9676 "POST /accounts/login/ HTTP/1.1" 302 0
INFO 2025-07-23 18:26:58,228 basehttp 11100 9676 "GET /dashboard/campaign/ HTTP/1.1" 200 33344
INFO 2025-07-23 18:27:09,615 basehttp 11100 9676 "GET /dashboard/campaign/manage/66a2a3db-f4be-49e8-a5ee-6dd2e5dc0cf2/ HTTP/1.1" 200 5083
INFO 2025-07-23 18:27:13,191 basehttp 11100 9676 "GET /dashboard/campaign/ HTTP/1.1" 200 33268
INFO 2025-07-23 18:27:31,375 views 11100 9676 User campaign@nexas.com logged out from IP: 127.0.0.1
INFO 2025-07-23 18:27:31,401 signals 11100 9676 User campaign@nexas.com logged out
INFO 2025-07-23 18:27:31,417 basehttp 11100 9676 "GET /accounts/logout/ HTTP/1.1" 302 0
INFO 2025-07-23 18:27:31,437 basehttp 11100 9676 "GET /accounts/login/ HTTP/1.1" 200 13320
INFO 2025-07-23 18:27:40,125 signals 11100 9676 User donation@nexas.com logged in from IP: 127.0.0.1
INFO 2025-07-23 18:27:40,149 views 11100 9676 Successful login for user: donation@nexas.com from IP: 127.0.0.1
INFO 2025-07-23 18:27:40,164 basehttp 11100 9676 "POST /accounts/login/ HTTP/1.1" 302 0
INFO 2025-07-23 18:27:40,213 basehttp 11100 9676 "GET /dashboard/donation/ HTTP/1.1" 200 24678
INFO 2025-07-23 18:27:51,907 basehttp 11100 9676 "POST /dashboard/donation/donate/ HTTP/1.1" 200 119
INFO 2025-07-23 18:27:54,154 views 11100 9676 User donation@nexas.com logged out from IP: 127.0.0.1
INFO 2025-07-23 18:27:54,188 signals 11100 9676 User donation@nexas.com logged out
INFO 2025-07-23 18:27:54,235 basehttp 11100 9676 "GET /accounts/logout/ HTTP/1.1" 302 0
INFO 2025-07-23 18:27:54,367 basehttp 11100 9676 "GET /accounts/login/ HTTP/1.1" 200 13320
INFO 2025-07-23 18:28:02,099 signals 11100 9676 User campaign@nexas.com logged in from IP: 127.0.0.1
INFO 2025-07-23 18:28:02,120 views 11100 9676 Successful login for user: campaign@nexas.com from IP: 127.0.0.1
INFO 2025-07-23 18:28:02,163 basehttp 11100 9676 "POST /accounts/login/ HTTP/1.1" 302 0
INFO 2025-07-23 18:28:02,219 basehttp 11100 9676 "GET /dashboard/campaign/ HTTP/1.1" 200 33673
INFO 2025-07-23 18:28:13,676 basehttp 11100 9676 "GET /dashboard/campaign/manage/66a2a3db-f4be-49e8-a5ee-6dd2e5dc0cf2/ HTTP/1.1" 200 5413
INFO 2025-07-23 18:28:21,374 basehttp 11100 9676 "GET /dashboard/campaign/details/66a2a3db-f4be-49e8-a5ee-6dd2e5dc0cf2/ HTTP/1.1" 200 8677
INFO 2025-07-23 18:28:33,473 basehttp 11100 9676 "GET /dashboard/campaign/ HTTP/1.1" 200 33597
INFO 2025-07-23 18:28:48,649 views 11100 9676 User campaign@nexas.com logged out from IP: 127.0.0.1
INFO 2025-07-23 18:28:48,666 signals 11100 9676 User campaign@nexas.com logged out
INFO 2025-07-23 18:28:48,677 basehttp 11100 9676 "GET /accounts/logout/ HTTP/1.1" 302 0
INFO 2025-07-23 18:28:48,698 basehttp 11100 9676 "GET /accounts/login/ HTTP/1.1" 200 13320
INFO 2025-07-23 18:28:58,927 signals 11100 9676 User admin@nexas.com logged in from IP: 127.0.0.1
INFO 2025-07-23 18:28:58,954 views 11100 9676 Successful login for user: admin@nexas.com from IP: 127.0.0.1
INFO 2025-07-23 18:28:58,965 basehttp 11100 9676 "POST /accounts/login/ HTTP/1.1" 302 0
INFO 2025-07-23 18:28:59,022 basehttp 11100 9676 "GET /dashboard/admin/ HTTP/1.1" 200 17685
INFO 2025-07-23 18:29:03,926 basehttp 11100 9676 "GET /accounts/users/ HTTP/1.1" 200 13853
INFO 2025-07-23 18:29:06,487 basehttp 11100 9676 "GET /dashboard/admin/ HTTP/1.1" 200 17340
INFO 2025-07-23 18:29:08,080 basehttp 11100 9676 "GET /accounts/user/create/ HTTP/1.1" 200 6023
INFO 2025-07-23 18:29:10,642 views 11100 9676 User admin@nexas.com logged out from IP: 127.0.0.1
INFO 2025-07-23 18:29:10,660 signals 11100 9676 User admin@nexas.com logged out
INFO 2025-07-23 18:29:10,686 basehttp 11100 9676 "GET /accounts/logout/ HTTP/1.1" 302 0
INFO 2025-07-23 18:29:10,766 basehttp 11100 9676 "GET /accounts/login/ HTTP/1.1" 200 13320
WARNING 2025-07-23 18:29:24,698 log 11100 9676 Not Found: /.well-known/appspecific/com.chrome.devtools.json
WARNING 2025-07-23 18:29:24,790 basehttp 11100 9676 "GET /.well-known/appspecific/com.chrome.devtools.json HTTP/1.1" 404 3177
INFO 2025-07-23 18:30:08,157 signals 11100 9676 User volunteer@nexas.com logged in from IP: 127.0.0.1
INFO 2025-07-23 18:30:08,235 views 11100 9676 Successful login for user: volunteer@nexas.com from IP: 127.0.0.1
INFO 2025-07-23 18:30:08,252 basehttp 11100 9676 "POST /accounts/login/ HTTP/1.1" 302 0
INFO 2025-07-23 18:30:08,295 basehttp 11100 9676 "GET /dashboard/volunteer/ HTTP/1.1" 200 28042
INFO 2025-07-23 18:31:43,397 views 11100 9676 User volunteer@nexas.com logged out from IP: 127.0.0.1
INFO 2025-07-23 18:31:43,419 signals 11100 9676 User volunteer@nexas.com logged out
INFO 2025-07-23 18:31:43,435 basehttp 11100 9676 "GET /accounts/logout/ HTTP/1.1" 302 0
INFO 2025-07-23 18:31:43,577 basehttp 11100 9676 "GET /accounts/login/ HTTP/1.1" 200 13631
INFO 2025-07-23 18:31:48,570 basehttp 11100 9676 "GET /accounts/password-reset/ HTTP/1.1" 200 10393
INFO 2025-07-23 18:31:55,121 views 11100 9676 Password reset requested for email: volunteer1@nexas.com from IP: 127.0.0.1
INFO 2025-07-23 18:31:55,162 basehttp 11100 9676 "POST /accounts/password-reset/ HTTP/1.1" 302 0
INFO 2025-07-23 18:31:55,253 basehttp 11100 9676 "GET /accounts/password-reset-done/ HTTP/1.1" 200 3285
INFO 2025-07-23 18:32:01,094 basehttp 11100 9676 "GET /accounts/login/ HTTP/1.1" 200 12965
INFO 2025-07-23 18:32:53,352 basehttp 11100 9676 "GET /accounts/about/ HTTP/1.1" 200 6482
INFO 2025-07-23 18:32:53,441 basehttp 11100 9676 "GET /static/images/team/hamza.jpg HTTP/1.1" 304 0
INFO 2025-07-23 18:32:53,443 basehttp 11100 1048 "GET /static/images/team/sibhi.jpg HTTP/1.1" 304 0
INFO 2025-07-23 18:32:53,594 basehttp 11100 9676 "GET /static/images/team/cheziyan.jpg HTTP/1.1" 304 0
INFO 2025-07-23 18:32:53,596 basehttp 11100 1048 "GET /static/images/team/ragul.jpg HTTP/1.1" 304 0
INFO 2025-07-23 18:32:53,695 basehttp 11100 1048 "GET /static/images/team/raihan.png HTTP/1.1" 304 0
INFO 2025-07-23 18:32:53,769 basehttp 11100 1048 "GET /static/images/team/srinivasan.jpg HTTP/1.1" 304 0
INFO 2025-07-23 18:32:53,962 basehttp 11100 1048 "GET /static/images/team/vishal.jpg HTTP/1.1" 304 0
INFO 2025-07-23 18:32:53,968 basehttp 11100 9676 "GET /static/images/team/ajay.jpg HTTP/1.1" 304 0
INFO 2025-07-23 18:32:54,413 basehttp 11100 11216 "GET /static/images/team/jeyaarikaran.jpg HTTP/1.1" 304 0
INFO 2025-07-23 18:32:54,540 basehttp 11100 6660 "GET /static/images/team/esakkindhar.jpg HTTP/1.1" 304 0
INFO 2025-07-23 18:33:03,271 basehttp 11100 6660 "GET /accounts/login/ HTTP/1.1" 200 12965
INFO 2025-07-23 18:37:07,317 autoreload 11100 2252 C:\Users\param\OneDrive\Desktop\nexas_backend\apps\volunteer_dashboard\views.py changed, reloading.
INFO 2025-07-23 18:37:11,508 autoreload 7696 9704 Watching for file changes with StatReloader
INFO 2025-07-23 18:37:25,174 autoreload 7696 9704 C:\Users\param\OneDrive\Desktop\nexas_backend\apps\volunteer_dashboard\urls.py changed, reloading.
INFO 2025-07-23 18:37:28,631 autoreload 10828 9604 Watching for file changes with StatReloader
INFO 2025-07-23 18:37:52,409 autoreload 10828 9604 C:\Users\param\OneDrive\Desktop\nexas_backend\apps\volunteer_dashboard\views.py changed, reloading.
INFO 2025-07-23 18:37:55,350 autoreload 4104 4548 Watching for file changes with StatReloader
INFO 2025-07-23 18:38:05,132 autoreload 4104 4548 C:\Users\param\OneDrive\Desktop\nexas_backend\apps\volunteer_dashboard\urls.py changed, reloading.
INFO 2025-07-23 18:38:08,573 autoreload 7432 888 Watching for file changes with StatReloader
INFO 2025-07-23 18:39:40,482 basehttp 7432 7396 "GET /accounts/login/ HTTP/1.1" 200 12965
INFO 2025-07-23 18:39:50,649 signals 7432 7396 User volunteer@nexas.com logged in from IP: 127.0.0.1
INFO 2025-07-23 18:39:50,674 views 7432 7396 Successful login for user: volunteer@nexas.com from IP: 127.0.0.1
INFO 2025-07-23 18:39:50,682 basehttp 7432 7396 "POST /accounts/login/ HTTP/1.1" 302 0
INFO 2025-07-23 18:39:50,749 basehttp 7432 7396 "GET /dashboard/volunteer/ HTTP/1.1" 200 28042
INFO 2025-07-23 18:39:59,846 basehttp 7432 7396 "GET /dashboard/volunteer/new HTTP/1.1" 301 0
INFO 2025-07-23 18:39:59,949 basehttp 7432 11120 "GET /dashboard/volunteer/new/ HTTP/1.1" 200 43049
INFO 2025-07-23 18:40:28,399 basehttp 7432 11120 "GET /dashboard/volunteer/ HTTP/1.1" 200 28042
INFO 2025-07-23 18:40:34,782 basehttp 7432 11120 "GET /dashboard/volunteer/new HTTP/1.1" 301 0
INFO 2025-07-23 18:40:34,878 basehttp 7432 5084 "GET /dashboard/volunteer/new/ HTTP/1.1" 200 42964
INFO 2025-07-23 18:44:49,951 autoreload 7432 888 C:\Users\param\OneDrive\Desktop\nexas_backend\apps\volunteer_dashboard\urls.py changed, reloading.
INFO 2025-07-23 18:44:53,474 autoreload 276 7700 Watching for file changes with StatReloader
INFO 2025-07-23 18:45:01,052 autoreload 276 7700 C:\Users\param\OneDrive\Desktop\nexas_backend\apps\volunteer_dashboard\views.py changed, reloading.
INFO 2025-07-23 18:45:04,153 autoreload 3804 376 Watching for file changes with StatReloader
WARNING 2025-07-23 18:47:47,367 log 3804 9952 Not Found: /dashboard/volunteer/new/
WARNING 2025-07-23 18:47:47,369 basehttp 3804 9952 "GET /dashboard/volunteer/new/ HTTP/1.1" 404 7729
WARNING 2025-07-23 18:47:48,519 log 3804 9952 Not Found: /dashboard/volunteer/new/
WARNING 2025-07-23 18:47:48,522 basehttp 3804 9952 "GET /dashboard/volunteer/new/ HTTP/1.1" 404 7729
INFO 2025-07-23 18:47:51,137 views 3804 9952 User volunteer@nexas.com logged out from IP: 127.0.0.1
INFO 2025-07-23 18:47:51,156 signals 3804 9952 User volunteer@nexas.com logged out
INFO 2025-07-23 18:47:51,207 basehttp 3804 9952 "GET /accounts/logout/ HTTP/1.1" 302 0
INFO 2025-07-23 18:47:51,253 basehttp 3804 9952 "GET /accounts/login/ HTTP/1.1" 200 13320
INFO 2025-07-23 18:47:59,108 signals 3804 9952 User volunteer@nexas.com logged in from IP: 127.0.0.1
INFO 2025-07-23 18:47:59,132 views 3804 9952 Successful login for user: volunteer@nexas.com from IP: 127.0.0.1
INFO 2025-07-23 18:47:59,140 basehttp 3804 9952 "POST /accounts/login/ HTTP/1.1" 302 0
INFO 2025-07-23 18:47:59,223 basehttp 3804 9952 "GET /dashboard/volunteer/ HTTP/1.1" 200 43889
INFO 2025-07-23 18:53:57,076 basehttp 3804 2156 "GET /dashboard/volunteer/ HTTP/1.1" 200 44878
INFO 2025-07-23 18:58:00,509 basehttp 3804 7848 "GET /dashboard/volunteer/ HTTP/1.1" 200 45026
INFO 2025-07-23 18:58:58,536 basehttp 3804 7848 "POST /dashboard/volunteer/api/skills/add/ HTTP/1.1" 200 98
INFO 2025-07-23 18:59:01,347 basehttp 3804 7848 "POST /dashboard/volunteer/api/skills/add/ HTTP/1.1" 200 98
INFO 2025-07-23 18:59:01,989 basehttp 3804 7848 "POST /dashboard/volunteer/api/skills/add/ HTTP/1.1" 200 98
INFO 2025-07-23 18:59:05,629 basehttp 3804 7848 "POST /dashboard/volunteer/api/skills/add/ HTTP/1.1" 200 94
INFO 2025-07-23 18:59:18,567 basehttp 3804 7848 "POST /dashboard/volunteer/api/availability/save/ HTTP/1.1" 200 103
INFO 2025-07-23 18:59:38,288 basehttp 3804 7848 "POST /dashboard/volunteer/api/tasks/request/ HTTP/1.1" 200 82
INFO 2025-07-23 18:59:39,960 basehttp 3804 7848 "GET /dashboard/volunteer/ HTTP/1.1" 200 46281
INFO 2025-07-23 18:59:49,248 basehttp 3804 7848 "POST /dashboard/volunteer/api/tasks/1/update-status/ HTTP/1.1" 200 95
INFO 2025-07-23 18:59:50,358 basehttp 3804 7848 "GET /dashboard/volunteer/ HTTP/1.1" 200 46289
INFO 2025-07-23 18:59:55,033 basehttp 3804 7848 "POST /dashboard/volunteer/api/tasks/1/update-status/ HTTP/1.1" 200 91
INFO 2025-07-23 18:59:56,144 basehttp 3804 7848 "GET /dashboard/volunteer/ HTTP/1.1" 200 46083
INFO 2025-07-23 19:01:07,948 basehttp 3804 7848 "POST /dashboard/volunteer/api/tasks/request/ HTTP/1.1" 200 82
INFO 2025-07-23 19:01:09,558 basehttp 3804 7848 "GET /dashboard/volunteer/ HTTP/1.1" 200 47656
INFO 2025-07-23 19:01:22,865 basehttp 3804 7848 "POST /dashboard/volunteer/api/tasks/2/update-status/ HTTP/1.1" 200 95
INFO 2025-07-23 19:01:23,961 basehttp 3804 7848 "GET /dashboard/volunteer/ HTTP/1.1" 200 47664
INFO 2025-07-23 19:01:29,501 basehttp 3804 7848 "POST /dashboard/volunteer/api/tasks/2/update-status/ HTTP/1.1" 200 91
INFO 2025-07-23 19:01:30,626 basehttp 3804 7848 "GET /dashboard/volunteer/ HTTP/1.1" 200 47456
WARNING 2025-07-23 19:02:31,379 log 3804 7848 Not Found: /.well-known/appspecific/com.chrome.devtools.json
WARNING 2025-07-23 19:02:31,458 basehttp 3804 7848 "GET /.well-known/appspecific/com.chrome.devtools.json HTTP/1.1" 404 3177
INFO 2025-07-23 19:03:35,172 basehttp 3804 7848 "GET /dashboard/volunteer/ HTTP/1.1" 200 47030
WARNING 2025-07-23 19:03:36,116 log 3804 7848 Not Found: /.well-known/appspecific/com.chrome.devtools.json
WARNING 2025-07-23 19:03:36,180 basehttp 3804 7848 "GET /.well-known/appspecific/com.chrome.devtools.json HTTP/1.1" 404 3177
INFO 2025-07-23 19:03:43,687 views 3804 7848 User volunteer@nexas.com logged out from IP: 127.0.0.1
INFO 2025-07-23 19:03:43,696 signals 3804 7848 User volunteer@nexas.com logged out
INFO 2025-07-23 19:03:43,708 basehttp 3804 7848 "GET /accounts/logout/ HTTP/1.1" 302 0
INFO 2025-07-23 19:03:43,726 basehttp 3804 7848 "GET /accounts/login/ HTTP/1.1" 200 13320
INFO 2025-07-23 19:03:53,225 basehttp 3804 7848 "GET /accounts/about/ HTTP/1.1" 200 6482
INFO 2025-07-23 19:03:53,289 basehttp 3804 7848 "GET /static/images/team/hamza.jpg HTTP/1.1" 304 0
INFO 2025-07-23 19:03:53,294 basehttp 3804 5264 "GET /static/images/team/sibhi.jpg HTTP/1.1" 304 0
INFO 2025-07-23 19:03:53,323 basehttp 3804 5264 "GET /static/images/team/cheziyan.jpg HTTP/1.1" 304 0
INFO 2025-07-23 19:03:53,340 basehttp 3804 5264 "GET /static/images/team/ragul.jpg HTTP/1.1" 304 0
INFO 2025-07-23 19:03:53,346 basehttp 3804 5264 "GET /static/images/team/raihan.png HTTP/1.1" 304 0
INFO 2025-07-23 19:03:53,613 basehttp 3804 5264 "GET /static/images/team/srinivasan.jpg HTTP/1.1" 304 0
INFO 2025-07-23 19:03:53,845 basehttp 3804 5264 "GET /static/images/team/vishal.jpg HTTP/1.1" 304 0
INFO 2025-07-23 19:03:53,848 basehttp 3804 7848 "GET /static/images/team/ajay.jpg HTTP/1.1" 304 0
INFO 2025-07-23 19:03:54,091 basehttp 3804 6272 "GET /static/images/team/jeyaarikaran.jpg HTTP/1.1" 304 0
INFO 2025-07-23 19:03:54,188 basehttp 3804 9044 "GET /static/images/team/esakkindhar.jpg HTTP/1.1" 304 0
INFO 2025-07-23 19:03:58,333 basehttp 3804 9044 "GET /accounts/login/ HTTP/1.1" 200 12965
INFO 2025-07-23 19:04:52,548 basehttp 3804 9044 "GET /accounts/login/ HTTP/1.1" 200 12965
INFO 2025-07-23 19:04:53,974 basehttp 3804 9044 "GET /accounts/about/ HTTP/1.1" 200 6495
INFO 2025-07-23 19:05:46,731 basehttp 3804 9044 "GET /accounts/login/ HTTP/1.1" 200 12965
INFO 2025-07-23 19:05:47,714 basehttp 3804 9044 "GET /accounts/login/ HTTP/1.1" 200 12965
INFO 2025-07-23 19:05:48,687 basehttp 3804 9044 "GET /accounts/about/ HTTP/1.1" 200 25315
INFO 2025-07-23 19:12:50,367 basehttp 3804 4592 "GET /accounts/login/ HTTP/1.1" 200 12965
INFO 2025-07-23 19:12:52,264 basehttp 3804 4592 "GET /accounts/logout/ HTTP/1.1" 302 0
INFO 2025-07-23 19:12:52,278 basehttp 3804 4592 "GET /accounts/login/?next=/accounts/logout/ HTTP/1.1" 200 12965
INFO 2025-07-23 19:12:53,328 basehttp 3804 4592 "GET /accounts/about/ HTTP/1.1" 200 26708
INFO 2025-07-23 19:13:55,446 basehttp 3804 4592 "GET /accounts/login/ HTTP/1.1" 200 12965
INFO 2025-07-23 19:14:56,601 basehttp 3804 4592 "GET /accounts/about/ HTTP/1.1" 200 26708
INFO 2025-07-23 19:14:57,234 basehttp 3804 4592 "GET /static/images/team/hamza.jpg HTTP/1.1" 304 0
INFO 2025-07-23 19:14:57,242 basehttp 3804 10956 "GET /static/images/team/sibhi.jpg HTTP/1.1" 304 0
INFO 2025-07-23 19:14:57,332 basehttp 3804 4536 "GET /static/images/team/cheziyan.jpg HTTP/1.1" 304 0
INFO 2025-07-23 19:14:57,338 basehttp 3804 10956 "GET /static/images/team/vishal.jpg HTTP/1.1" 304 0
INFO 2025-07-23 19:14:57,340 basehttp 3804 10600 "GET /static/images/team/ragul.jpg HTTP/1.1" 304 0
INFO 2025-07-23 19:14:57,345 basehttp 3804 4536 "GET /static/images/team/ajay.jpg HTTP/1.1" 304 0
INFO 2025-07-23 19:14:57,347 basehttp 3804 4592 "GET /static/images/team/esakkindhar.jpg HTTP/1.1" 304 0
INFO 2025-07-23 19:14:57,356 basehttp 3804 4704 "GET /static/images/team/raihan.png HTTP/1.1" 304 0
INFO 2025-07-23 19:14:57,414 basehttp 3804 10956 "GET /static/images/team/jeyaarikaran.jpg HTTP/1.1" 304 0
INFO 2025-07-23 19:14:58,165 basehttp 3804 10384 "GET /static/images/team/srinivasan.jpg HTTP/1.1" 304 0
INFO 2025-07-23 19:20:28,535 basehttp 3804 4412 "GET /accounts/about/ HTTP/1.1" 200 26518
INFO 2025-07-23 19:20:49,081 basehttp 3804 4412 "GET /accounts/login/ HTTP/1.1" 200 14154
INFO 2025-07-23 19:25:00,144 basehttp 3804 4412 "GET /accounts/login/ HTTP/1.1" 200 14174
INFO 2025-07-23 19:28:30,125 basehttp 3804 10696 "GET /accounts/login/ HTTP/1.1" 200 15400
INFO 2025-07-23 19:28:37,132 basehttp 3804 10696 "GET /accounts/login/ HTTP/1.1" 200 15400
INFO 2025-07-23 19:32:08,952 basehttp 3804 10696 "GET /accounts/login/ HTTP/1.1" 200 15105
INFO 2025-07-23 19:32:09,675 basehttp 3804 10696 "GET /accounts/login/ HTTP/1.1" 200 15105
INFO 2025-07-23 19:32:18,875 basehttp 3804 10696 "GET /accounts/about/ HTTP/1.1" 200 26518
INFO 2025-07-23 19:32:18,944 basehttp 3804 2964 "GET /static/images/team/sibhi.jpg HTTP/1.1" 304 0
INFO 2025-07-23 19:32:18,952 basehttp 3804 10696 "GET /static/images/team/hamza.jpg HTTP/1.1" 304 0
INFO 2025-07-23 19:32:18,982 basehttp 3804 10696 "GET /static/images/team/cheziyan.jpg HTTP/1.1" 304 0
INFO 2025-07-23 19:32:18,985 basehttp 3804 2964 "GET /static/images/team/ragul.jpg HTTP/1.1" 304 0
INFO 2025-07-23 19:32:19,078 basehttp 3804 10696 "GET /static/images/team/raihan.png HTTP/1.1" 304 0
INFO 2025-07-23 19:32:19,181 basehttp 3804 10696 "GET /static/images/team/srinivasan.jpg HTTP/1.1" 304 0
INFO 2025-07-23 19:32:19,451 basehttp 3804 10696 "GET /static/images/team/vishal.jpg HTTP/1.1" 304 0
INFO 2025-07-23 19:32:19,456 basehttp 3804 2964 "GET /static/images/team/ajay.jpg HTTP/1.1" 304 0
INFO 2025-07-23 19:32:19,564 basehttp 3804 10696 "GET /static/images/team/esakkindhar.jpg HTTP/1.1" 304 0
INFO 2025-07-23 19:32:19,613 basehttp 3804 3952 "GET /static/images/team/jeyaarikaran.jpg HTTP/1.1" 304 0
INFO 2025-07-23 19:32:30,725 basehttp 3804 3952 "GET /accounts/login/ HTTP/1.1" 200 15105
INFO 2025-07-23 19:32:32,516 basehttp 3804 3952 "GET /accounts/about/ HTTP/1.1" 200 26518
WARNING 2025-07-23 19:33:08,417 log 3804 3952 Not Found: /.well-known/appspecific/com.chrome.devtools.json
WARNING 2025-07-23 19:33:09,317 basehttp 3804 3952 "GET /.well-known/appspecific/com.chrome.devtools.json HTTP/1.1" 404 3177
INFO 2025-07-23 19:34:56,062 basehttp 3804 3952 "GET /accounts/about/ HTTP/1.1" 200 26515
WARNING 2025-07-23 19:34:57,210 log 3804 10696 Not Found: /.well-known/appspecific/com.chrome.devtools.json
WARNING 2025-07-23 19:34:57,400 basehttp 3804 10696 "GET /.well-known/appspecific/com.chrome.devtools.json HTTP/1.1" 404 3177
INFO 2025-07-23 20:08:58,145 autoreload 10200 16108 Watching for file changes with StatReloader
INFO 2025-07-23 20:09:12,901 basehttp 10200 20272 "GET / HTTP/1.1" 302 0
INFO 2025-07-23 20:09:13,099 basehttp 10200 20272 "GET /accounts/login/ HTTP/1.1" 200 15105
WARNING 2025-07-23 20:09:13,835 log 10200 20272 Not Found: /favicon.ico
WARNING 2025-07-23 20:09:13,838 basehttp 10200 20272 "GET /favicon.ico HTTP/1.1" 404 3066
INFO 2025-07-23 20:09:21,243 basehttp 10200 20272 "GET /accounts/about/ HTTP/1.1" 200 26515
INFO 2025-07-23 20:09:21,439 basehttp 10200 15880 "GET /static/images/team/sibhi.jpg HTTP/1.1" 200 75619
INFO 2025-07-23 20:09:21,476 basehttp 10200 15880 "GET /static/images/team/cheziyan.jpg HTTP/1.1" 200 53760
INFO 2025-07-23 20:09:21,530 basehttp 10200 20272 "GET /static/images/team/hamza.jpg HTTP/1.1" 200 17207
INFO 2025-07-23 20:09:21,603 basehttp 10200 20272 "GET /static/images/team/ragul.jpg HTTP/1.1" 200 57870
INFO 2025-07-23 20:09:21,614 basehttp 10200 24164 "GET /static/images/team/vishal.jpg HTTP/1.1" 200 53987
INFO 2025-07-23 20:09:21,617 basehttp 10200 12572 "GET /static/images/team/jeyaarikaran.jpg HTTP/1.1" 200 54292
INFO 2025-07-23 20:09:21,618 basehttp 10200 22632 "GET /static/images/team/srinivasan.jpg HTTP/1.1" 200 107261
INFO 2025-07-23 20:09:21,631 basehttp 10200 20272 "GET /static/images/team/esakkindhar.jpg HTTP/1.1" 200 11393
INFO 2025-07-23 20:09:21,728 basehttp 10200 20180 "GET /static/images/team/ajay.jpg HTTP/1.1" 200 2542630
INFO 2025-07-23 20:09:21,922 basehttp 10200 15880 "GET /static/images/team/raihan.png HTTP/1.1" 200 9641064
INFO 2025-07-23 20:09:47,651 basehttp 10200 15880 "GET /accounts/login/ HTTP/1.1" 200 15105
INFO 2025-07-23 20:10:16,277 signals 10200 15880 User admin@nexas.com logged in from IP: 127.0.0.1
INFO 2025-07-23 20:10:16,300 views 10200 15880 Successful login for user: admin@nexas.com from IP: 127.0.0.1
INFO 2025-07-23 20:10:16,310 basehttp 10200 15880 "POST /accounts/login/ HTTP/1.1" 302 0
INFO 2025-07-23 20:10:16,385 basehttp 10200 15880 "GET /dashboard/admin/ HTTP/1.1" 200 17685
INFO 2025-07-23 20:10:23,753 basehttp 10200 15880 "GET /accounts/user/create/ HTTP/1.1" 200 6023
INFO 2025-07-23 20:12:06,749 signals 10200 15880 UserProfile created for user: hamza12@gmail.com
INFO 2025-07-23 20:12:06,760 views 10200 15880 User hamza12@gmail.com created by admin: admin@nexas.com
INFO 2025-07-23 20:12:06,761 basehttp 10200 15880 "POST /accounts/user/create/ HTTP/1.1" 302 0
INFO 2025-07-23 20:12:06,791 basehttp 10200 15880 "GET /accounts/users/ HTTP/1.1" 200 16433
INFO 2025-07-23 20:12:17,303 basehttp 10200 15880 "GET /dashboard/admin/ HTTP/1.1" 200 18483
INFO 2025-07-23 20:12:22,439 basehttp 10200 15880 "GET /accounts/user/create/ HTTP/1.1" 200 6023
INFO 2025-07-23 20:12:25,752 basehttp 10200 15880 "GET /accounts/users/ HTTP/1.1" 200 16079
INFO 2025-07-23 20:12:28,795 views 10200 15880 User admin@nexas.com logged out from IP: 127.0.0.1
INFO 2025-07-23 20:12:28,813 signals 10200 15880 User admin@nexas.com logged out
INFO 2025-07-23 20:12:28,830 basehttp 10200 15880 "GET /accounts/logout/ HTTP/1.1" 302 0
INFO 2025-07-23 20:12:28,843 basehttp 10200 15880 "GET /accounts/login/ HTTP/1.1" 200 15460
INFO 2025-07-23 20:13:08,355 signals 10200 15880 User donation@nexas.com logged in from IP: 127.0.0.1
INFO 2025-07-23 20:13:08,375 views 10200 15880 Successful login for user: donation@nexas.com from IP: 127.0.0.1
INFO 2025-07-23 20:13:08,386 basehttp 10200 15880 "POST /accounts/login/ HTTP/1.1" 302 0
INFO 2025-07-23 20:13:08,417 basehttp 10200 15880 "GET /dashboard/donation/ HTTP/1.1" 200 25269
INFO 2025-07-23 20:13:55,231 basehttp 10200 15880 "POST /dashboard/donation/donate/ HTTP/1.1" 200 120
INFO 2025-07-23 20:13:58,308 basehttp 10200 15880 "GET /dashboard/donation/ HTTP/1.1" 200 25529
INFO 2025-07-23 20:14:24,578 views 10200 15880 User donation@nexas.com logged out from IP: 127.0.0.1
INFO 2025-07-23 20:14:24,589 signals 10200 15880 User donation@nexas.com logged out
INFO 2025-07-23 20:14:24,596 basehttp 10200 15880 "GET /accounts/logout/ HTTP/1.1" 302 0
INFO 2025-07-23 20:14:24,614 basehttp 10200 15880 "GET /accounts/login/ HTTP/1.1" 200 15460
INFO 2025-07-23 20:14:47,824 signals 10200 15880 User volunteer@nexas.com logged in from IP: 127.0.0.1
INFO 2025-07-23 20:14:47,840 views 10200 15880 Successful login for user: volunteer@nexas.com from IP: 127.0.0.1
INFO 2025-07-23 20:14:47,854 basehttp 10200 15880 "POST /accounts/login/ HTTP/1.1" 302 0
INFO 2025-07-23 20:14:47,899 basehttp 10200 15880 "GET /dashboard/volunteer/ HTTP/1.1" 200 47115
INFO 2025-07-23 20:16:03,924 basehttp 10200 15880 "POST /dashboard/volunteer/api/tasks/request/ HTTP/1.1" 200 82
INFO 2025-07-23 20:16:05,506 basehttp 10200 15880 "GET /dashboard/volunteer/ HTTP/1.1" 200 48625
INFO 2025-07-23 20:16:33,932 basehttp 10200 15880 "POST /dashboard/volunteer/api/tasks/3/update-status/ HTTP/1.1" 200 95
INFO 2025-07-23 20:16:34,979 basehttp 10200 15880 "GET /dashboard/volunteer/ HTTP/1.1" 200 48633
INFO 2025-07-23 20:16:45,913 basehttp 10200 15880 "POST /dashboard/volunteer/api/tasks/3/update-status/ HTTP/1.1" 200 91
INFO 2025-07-23 20:16:47,012 basehttp 10200 15880 "GET /dashboard/volunteer/ HTTP/1.1" 200 48425
INFO 2025-07-23 20:17:14,573 views 10200 15880 User volunteer@nexas.com logged out from IP: 127.0.0.1
INFO 2025-07-23 20:17:14,589 signals 10200 15880 User volunteer@nexas.com logged out
INFO 2025-07-23 20:17:14,596 basehttp 10200 15880 "GET /accounts/logout/ HTTP/1.1" 302 0
INFO 2025-07-23 20:17:14,605 basehttp 10200 15880 "GET /accounts/login/ HTTP/1.1" 200 15460
INFO 2025-07-23 20:17:40,320 signals 10200 15880 User campaign@nexas.com logged in from IP: 127.0.0.1
INFO 2025-07-23 20:17:40,345 views 10200 15880 Successful login for user: campaign@nexas.com from IP: 127.0.0.1
INFO 2025-07-23 20:17:40,354 basehttp 10200 15880 "POST /accounts/login/ HTTP/1.1" 302 0
INFO 2025-07-23 20:17:40,441 basehttp 10200 15880 "GET /dashboard/campaign/ HTTP/1.1" 200 33682
INFO 2025-07-23 20:18:55,865 basehttp 10200 15880 "POST /dashboard/campaign/create/ HTTP/1.1" 200 88
INFO 2025-07-23 20:18:57,912 basehttp 10200 15880 "GET /dashboard/campaign/ HTTP/1.1" 200 37434
INFO 2025-07-23 20:19:17,705 basehttp 10200 15880 "GET /dashboard/campaign/manage/e3bf58e8-4566-477a-8cd2-da4767adb0fe/ HTTP/1.1" 200 4882
INFO 2025-07-23 20:19:22,730 basehttp 10200 15880 "GET /dashboard/campaign/details/e3bf58e8-4566-477a-8cd2-da4767adb0fe/ HTTP/1.1" 200 8060
INFO 2025-07-23 20:19:28,774 basehttp 10200 15880 "GET /dashboard/campaign/ HTTP/1.1" 200 37434
INFO 2025-07-23 20:19:52,808 basehttp 10200 15880 "GET /dashboard/campaign/details/e3bf58e8-4566-477a-8cd2-da4767adb0fe/ HTTP/1.1" 200 8060
INFO 2025-07-23 20:19:58,173 basehttp 10200 15880 "GET /dashboard/campaign/manage/e3bf58e8-4566-477a-8cd2-da4767adb0fe/ HTTP/1.1" 200 4882
INFO 2025-07-23 20:20:01,336 basehttp 10200 15880 "GET /dashboard/campaign/ HTTP/1.1" 200 37433
INFO 2025-07-23 20:20:26,045 views 10200 15880 User campaign@nexas.com logged out from IP: 127.0.0.1
INFO 2025-07-23 20:20:26,060 signals 10200 15880 User campaign@nexas.com logged out
INFO 2025-07-23 20:20:26,072 basehttp 10200 15880 "GET /accounts/logout/ HTTP/1.1" 302 0
INFO 2025-07-23 20:20:26,084 basehttp 10200 15880 "GET /accounts/login/ HTTP/1.1" 200 15460
INFO 2025-07-23 20:20:46,922 signals 10200 15880 User donation@nexas.com logged in from IP: 127.0.0.1
INFO 2025-07-23 20:20:46,937 views 10200 15880 Successful login for user: donation@nexas.com from IP: 127.0.0.1
INFO 2025-07-23 20:20:46,946 basehttp 10200 15880 "POST /accounts/login/ HTTP/1.1" 302 0
INFO 2025-07-23 20:20:46,977 basehttp 10200 15880 "GET /dashboard/donation/ HTTP/1.1" 200 25667
INFO 2025-07-23 20:21:13,202 basehttp 10200 15880 "POST /dashboard/donation/donate/ HTTP/1.1" 200 119
INFO 2025-07-23 20:21:16,284 basehttp 10200 15880 "GET /dashboard/donation/ HTTP/1.1" 200 25933
INFO 2025-07-23 20:21:39,733 views 10200 15880 User donation@nexas.com logged out from IP: 127.0.0.1
INFO 2025-07-23 20:21:39,749 signals 10200 15880 User donation@nexas.com logged out
INFO 2025-07-23 20:21:39,764 basehttp 10200 15880 "GET /accounts/logout/ HTTP/1.1" 302 0
INFO 2025-07-23 20:21:39,778 basehttp 10200 15880 "GET /accounts/login/ HTTP/1.1" 200 15460
INFO 2025-07-23 20:33:25,011 signals 10200 6440 User admin@nexas.com logged in from IP: 127.0.0.1
INFO 2025-07-23 20:33:25,028 views 10200 6440 Successful login for user: admin@nexas.com from IP: 127.0.0.1
INFO 2025-07-23 20:33:25,037 basehttp 10200 6440 "POST /accounts/login/ HTTP/1.1" 302 0
INFO 2025-07-23 20:33:25,053 basehttp 10200 6440 "GET /dashboard/admin/ HTTP/1.1" 200 18828
INFO 2025-07-23 20:33:42,295 basehttp 10200 6440 "GET /accounts/user/create/ HTTP/1.1" 200 6023
WARNING 2025-07-23 20:34:17,707 views 10200 6440 Invalid user creation form submitted by admin: admin@nexas.com
INFO 2025-07-23 20:34:17,718 basehttp 10200 6440 "POST /accounts/user/create/ HTTP/1.1" 200 6222
WARNING 2025-07-23 20:34:53,595 views 10200 6440 Invalid user creation form submitted by admin: admin@nexas.com
INFO 2025-07-23 20:34:53,602 basehttp 10200 6440 "POST /accounts/user/create/ HTTP/1.1" 200 6243
WARNING 2025-07-23 20:35:11,038 views 10200 6440 Invalid user creation form submitted by admin: admin@nexas.com
INFO 2025-07-23 20:35:11,044 basehttp 10200 6440 "POST /accounts/user/create/ HTTP/1.1" 200 6243
WARNING 2025-07-23 20:35:30,666 views 10200 6440 Invalid user creation form submitted by admin: admin@nexas.com
INFO 2025-07-23 20:35:30,675 basehttp 10200 6440 "POST /accounts/user/create/ HTTP/1.1" 200 6232
INFO 2025-07-23 20:35:45,018 signals 10200 6440 UserProfile created for user: ragul@gmail.com
INFO 2025-07-23 20:35:45,028 views 10200 6440 User ragul@gmail.com created by admin: admin@nexas.com
INFO 2025-07-23 20:35:45,030 basehttp 10200 6440 "POST /accounts/user/create/ HTTP/1.1" 302 0
INFO 2025-07-23 20:35:45,042 basehttp 10200 6440 "GET /accounts/users/ HTTP/1.1" 200 18660
INFO 2025-07-23 20:35:52,831 basehttp 10200 6440 "GET /dashboard/admin/ HTTP/1.1" 200 19628
INFO 2025-07-23 20:35:58,735 views 10200 6440 User admin@nexas.com logged out from IP: 127.0.0.1
INFO 2025-07-23 20:35:58,742 signals 10200 6440 User admin@nexas.com logged out
INFO 2025-07-23 20:35:58,751 basehttp 10200 6440 "GET /accounts/logout/ HTTP/1.1" 302 0
INFO 2025-07-23 20:35:58,757 basehttp 10200 6440 "GET /accounts/login/ HTTP/1.1" 200 15460
INFO 2025-07-23 20:36:21,965 signals 10200 6440 User donation@nexas.com logged in from IP: 127.0.0.1
INFO 2025-07-23 20:36:21,980 views 10200 6440 Successful login for user: donation@nexas.com from IP: 127.0.0.1
INFO 2025-07-23 20:36:21,991 basehttp 10200 6440 "POST /accounts/login/ HTTP/1.1" 302 0
INFO 2025-07-23 20:36:22,008 basehttp 10200 6440 "GET /dashboard/donation/ HTTP/1.1" 200 26009
INFO 2025-07-23 20:36:56,738 basehttp 10200 6440 "POST /dashboard/donation/donate/ HTTP/1.1" 200 120
INFO 2025-07-23 20:36:59,780 basehttp 10200 6440 "GET /dashboard/donation/ HTTP/1.1" 200 26277
INFO 2025-07-23 20:37:19,183 views 10200 6440 User donation@nexas.com logged out from IP: 127.0.0.1
INFO 2025-07-23 20:37:19,190 signals 10200 6440 User donation@nexas.com logged out
INFO 2025-07-23 20:37:19,200 basehttp 10200 6440 "GET /accounts/logout/ HTTP/1.1" 302 0
INFO 2025-07-23 20:37:19,205 basehttp 10200 6440 "GET /accounts/login/ HTTP/1.1" 200 15460
INFO 2025-07-23 20:37:38,138 signals 10200 6440 User volunteer@nexas.com logged in from IP: 127.0.0.1
INFO 2025-07-23 20:37:38,154 views 10200 6440 Successful login for user: volunteer@nexas.com from IP: 127.0.0.1
INFO 2025-07-23 20:37:38,165 basehttp 10200 6440 "POST /accounts/login/ HTTP/1.1" 302 0
INFO 2025-07-23 20:37:38,187 basehttp 10200 6440 "GET /dashboard/volunteer/ HTTP/1.1" 200 48510
INFO 2025-07-23 20:37:57,023 basehttp 10200 6440 "POST /dashboard/volunteer/api/tasks/request/ HTTP/1.1" 200 82
INFO 2025-07-23 20:37:58,568 basehttp 10200 6440 "GET /dashboard/volunteer/ HTTP/1.1" 200 49390
INFO 2025-07-23 20:38:04,284 basehttp 10200 6440 "POST /dashboard/volunteer/api/tasks/4/update-status/ HTTP/1.1" 200 95
INFO 2025-07-23 20:38:05,318 basehttp 10200 6440 "GET /dashboard/volunteer/ HTTP/1.1" 200 49398
INFO 2025-07-23 20:38:09,311 basehttp 10200 6440 "POST /dashboard/volunteer/api/tasks/4/update-status/ HTTP/1.1" 200 91
INFO 2025-07-23 20:38:10,351 basehttp 10200 6440 "GET /dashboard/volunteer/ HTTP/1.1" 200 49190
INFO 2025-07-23 20:39:03,084 views 10200 6440 User volunteer@nexas.com logged out from IP: 127.0.0.1
INFO 2025-07-23 20:39:03,091 signals 10200 6440 User volunteer@nexas.com logged out
INFO 2025-07-23 20:39:03,098 basehttp 10200 6440 "GET /accounts/logout/ HTTP/1.1" 302 0
INFO 2025-07-23 20:39:03,107 basehttp 10200 6440 "GET /accounts/login/ HTTP/1.1" 200 15460
INFO 2025-07-23 20:39:24,669 signals 10200 6440 User volunteer@nexas.com logged in from IP: 127.0.0.1
INFO 2025-07-23 20:39:24,685 views 10200 6440 Successful login for user: volunteer@nexas.com from IP: 127.0.0.1
INFO 2025-07-23 20:39:24,696 basehttp 10200 6440 "POST /accounts/login/ HTTP/1.1" 302 0
INFO 2025-07-23 20:39:24,725 basehttp 10200 6440 "GET /dashboard/volunteer/ HTTP/1.1" 200 49275
INFO 2025-07-23 20:39:34,488 views 10200 6440 User volunteer@nexas.com logged out from IP: 127.0.0.1
INFO 2025-07-23 20:39:34,498 signals 10200 6440 User volunteer@nexas.com logged out
INFO 2025-07-23 20:39:34,505 basehttp 10200 6440 "GET /accounts/logout/ HTTP/1.1" 302 0
INFO 2025-07-23 20:39:34,510 basehttp 10200 6440 "GET /accounts/login/ HTTP/1.1" 200 15460
INFO 2025-07-23 20:40:06,147 signals 10200 6440 User campaign@nexas.com logged in from IP: 127.0.0.1
INFO 2025-07-23 20:40:06,164 views 10200 6440 Successful login for user: campaign@nexas.com from IP: 127.0.0.1
INFO 2025-07-23 20:40:06,174 basehttp 10200 6440 "POST /accounts/login/ HTTP/1.1" 302 0
INFO 2025-07-23 20:40:06,201 basehttp 10200 6440 "GET /dashboard/campaign/ HTTP/1.1" 200 38157
INFO 2025-07-23 20:40:11,150 views 10200 6440 User campaign@nexas.com logged out from IP: 127.0.0.1
INFO 2025-07-23 20:40:11,157 signals 10200 6440 User campaign@nexas.com logged out
INFO 2025-07-23 20:40:11,163 basehttp 10200 6440 "GET /accounts/logout/ HTTP/1.1" 302 0
INFO 2025-07-23 20:40:11,168 basehttp 10200 6440 "GET /accounts/login/ HTTP/1.1" 200 15460
INFO 2025-07-23 20:40:13,439 basehttp 10200 6440 "GET /accounts/password-reset/ HTTP/1.1" 200 10393
INFO 2025-07-23 20:40:28,660 views 10200 6440 Password reset requested for email: ragul12@gmail.com from IP: 127.0.0.1
INFO 2025-07-23 20:40:28,665 basehttp 10200 6440 "POST /accounts/password-reset/ HTTP/1.1" 302 0
INFO 2025-07-23 20:40:28,671 basehttp 10200 6440 "GET /accounts/password-reset-done/ HTTP/1.1" 200 3285
INFO 2025-07-23 20:40:31,620 basehttp 10200 6440 "GET /accounts/login/ HTTP/1.1" 200 15105
INFO 2025-07-23 20:40:55,537 basehttp 10200 6440 "GET /accounts/about/ HTTP/1.1" 200 26515
INFO 2025-07-23 20:40:55,549 basehttp 10200 6440 "GET /static/images/team/hamza.jpg HTTP/1.1" 304 0
INFO 2025-07-23 20:40:55,549 basehttp 10200 20804 "GET /static/images/team/sibhi.jpg HTTP/1.1" 304 0
INFO 2025-07-23 20:40:55,558 basehttp 10200 20804 "GET /static/images/team/cheziyan.jpg HTTP/1.1" 304 0
INFO 2025-07-23 20:40:55,559 basehttp 10200 6440 "GET /static/images/team/ragul.jpg HTTP/1.1" 304 0
INFO 2025-07-23 20:40:55,566 basehttp 10200 6440 "GET /static/images/team/raihan.png HTTP/1.1" 304 0
INFO 2025-07-23 20:40:55,586 basehttp 10200 6440 "GET /static/images/team/srinivasan.jpg HTTP/1.1" 304 0
INFO 2025-07-23 20:40:55,618 basehttp 10200 6440 "GET /static/images/team/vishal.jpg HTTP/1.1" 304 0
INFO 2025-07-23 20:40:55,618 basehttp 10200 20804 "GET /static/images/team/ajay.jpg HTTP/1.1" 304 0
INFO 2025-07-23 20:40:55,622 basehttp 10200 20804 "GET /static/images/team/jeyaarikaran.jpg HTTP/1.1" 304 0
INFO 2025-07-23 20:40:55,626 basehttp 10200 20804 "GET /static/images/team/esakkindhar.jpg HTTP/1.1" 304 0
INFO 2025-07-23 20:41:12,694 basehttp 10200 20804 "GET /accounts/login/ HTTP/1.1" 200 15105
INFO 2025-07-23 21:08:43,502 autoreload 13128 15492 Watching for file changes with StatReloader
INFO 2025-07-23 21:08:53,749 basehttp 13128 10008 "GET / HTTP/1.1" 302 0
INFO 2025-07-23 21:08:53,911 basehttp 13128 10008 "GET /accounts/login/ HTTP/1.1" 200 15105
WARNING 2025-07-23 21:08:54,225 log 13128 10008 Not Found: /favicon.ico
WARNING 2025-07-23 21:08:54,226 basehttp 13128 10008 "GET /favicon.ico HTTP/1.1" 404 3066
INFO 2025-07-23 22:05:49,670 basehttp 13128 16040 "GET / HTTP/1.1" 302 0
INFO 2025-07-23 22:05:49,714 basehttp 13128 16040 "GET /accounts/login/ HTTP/1.1" 200 15105
INFO 2025-07-23 22:08:43,841 basehttp 13128 16040 "GET /accounts/login/ HTTP/1.1" 200 15105
INFO 2025-07-23 22:10:47,094 basehttp 13128 2876 "GET /accounts/login/ HTTP/1.1" 200 15420
INFO 2025-07-23 22:11:23,241 basehttp 13128 2876 "GET /accounts/login/ HTTP/1.1" 200 15368
INFO 2025-07-23 22:12:35,939 basehttp 13128 2876 "GET /accounts/login/ HTTP/1.1" 200 15304
INFO 2025-07-23 22:13:06,532 basehttp 13128 2876 "GET /accounts/login/ HTTP/1.1" 200 15275
INFO 2025-07-23 22:44:48,740 autoreload 12440 18808 Watching for file changes with StatReloader
INFO 2025-07-23 22:45:00,840 basehttp 12440 7300 "GET / HTTP/1.1" 302 0
INFO 2025-07-23 22:45:00,993 basehttp 12440 7300 "GET /accounts/login/ HTTP/1.1" 200 15275
INFO 2025-07-23 22:45:08,775 basehttp 12440 7300 "GET /accounts/about/ HTTP/1.1" 200 26515
INFO 2025-07-23 22:45:08,802 basehttp 12440 7300 "GET /static/images/team/hamza.jpg HTTP/1.1" 304 0
INFO 2025-07-23 22:45:08,803 basehttp 12440 5668 "GET /static/images/team/sibhi.jpg HTTP/1.1" 304 0
INFO 2025-07-23 22:45:08,812 basehttp 12440 5668 "GET /static/images/team/cheziyan.jpg HTTP/1.1" 304 0
INFO 2025-07-23 22:45:08,815 basehttp 12440 7300 "GET /static/images/team/raihan.png HTTP/1.1" 304 0
INFO 2025-07-23 22:45:08,815 basehttp 12440 5668 "GET /static/images/team/ragul.jpg HTTP/1.1" 304 0
INFO 2025-07-23 22:45:08,835 basehttp 12440 5668 "GET /static/images/team/srinivasan.jpg HTTP/1.1" 304 0
INFO 2025-07-23 22:45:08,838 basehttp 12440 7300 "GET /static/images/team/ajay.jpg HTTP/1.1" 304 0
INFO 2025-07-23 22:45:08,838 basehttp 12440 5668 "GET /static/images/team/vishal.jpg HTTP/1.1" 304 0
INFO 2025-07-23 22:45:08,869 basehttp 12440 5668 "GET /static/images/team/jeyaarikaran.jpg HTTP/1.1" 304 0
INFO 2025-07-23 22:45:08,871 basehttp 12440 5668 "GET /static/images/team/esakkindhar.jpg HTTP/1.1" 304 0
INFO 2025-07-23 22:46:10,346 basehttp 12440 5668 "GET /accounts/login/ HTTP/1.1" 200 15275
INFO 2025-07-23 22:46:29,181 signals 12440 5668 User admin@nexas.com logged in from IP: 127.0.0.1
INFO 2025-07-23 22:46:29,201 views 12440 5668 Successful login for user: admin@nexas.com from IP: 127.0.0.1
INFO 2025-07-23 22:46:29,210 basehttp 12440 5668 "POST /accounts/login/ HTTP/1.1" 302 0
INFO 2025-07-23 22:46:29,268 basehttp 12440 5668 "GET /dashboard/admin/ HTTP/1.1" 200 19973
INFO 2025-07-23 22:46:33,563 basehttp 12440 5668 "GET /accounts/users/ HTTP/1.1" 200 18306
INFO 2025-07-23 22:46:39,003 basehttp 12440 5668 "GET /dashboard/admin/ HTTP/1.1" 200 19628
INFO 2025-07-23 22:46:41,030 basehttp 12440 5668 "GET /accounts/user/create/ HTTP/1.1" 200 6023
